[debug] [2024-04-15T15:26:04.013Z] ----------------------------------------------------------------------
[debug] [2024-04-15T15:26:04.015Z] Command:       C:\Program Files\nodejs\node.exe C:\Users\wyz-0\AppData\Roaming\npm\node_modules\firebase-tools\lib\bin\firebase.js init hosting
[debug] [2024-04-15T15:26:04.015Z] CLI Version:   13.7.2
[debug] [2024-04-15T15:26:04.015Z] Platform:      win32
[debug] [2024-04-15T15:26:04.015Z] Node Version:  v18.15.0
[debug] [2024-04-15T15:26:04.016Z] Time:          Mon Apr 15 2024 11:26:04 GMT-0400 (北美东部夏令时间)
[debug] [2024-04-15T15:26:04.016Z] ----------------------------------------------------------------------
[debug] 
[debug] [2024-04-15T15:26:04.021Z] > command requires scopes: ["email","openid","https://www.googleapis.com/auth/cloudplatformprojects.readonly","https://www.googleapis.com/auth/firebase","https://www.googleapis.com/auth/cloud-platform"]
[debug] [2024-04-15T15:26:04.021Z] > authorizing via signed-in user (yuzhi.wang.0@gmail.com)
[info] 
     ######## #### ########  ######## ########     ###     ######  ########
     ##        ##  ##     ## ##       ##     ##  ##   ##  ##       ##
     ######    ##  ########  ######   ########  #########  ######  ######
     ##        ##  ##    ##  ##       ##     ## ##     ##       ## ##
     ##       #### ##     ## ######## ########  ##     ##  ######  ########

You're about to initialize a Firebase project in this directory:

  C:\Users\wyz-0\Documents\GitHub\med_tracker\med-tracker

[info] 
=== Project Setup
[info] 
[info] First, let's associate this project directory with a Firebase project.
[info] You can create multiple project aliases by running firebase use --add, 
[info] but for now we'll just set up a default project.
[info] 
[debug] [2024-04-15T15:26:37.048Z] >>> [apiv2][query] GET https://firebase.googleapis.com/v1beta1/projects pageSize=100
[debug] [2024-04-15T15:26:37.491Z] <<< [apiv2][status] GET https://firebase.googleapis.com/v1beta1/projects 200
[debug] [2024-04-15T15:26:37.492Z] <<< [apiv2][body] GET https://firebase.googleapis.com/v1beta1/projects [omitted]
[info] i  Using project med-tracker-13568 (med-tracker) 
[info] 
=== Hosting Setup
[debug] [2024-04-15T15:26:49.877Z] >>> [apiv2][query] GET https://firebase.googleapis.com/v1beta1/projects/med-tracker-13568 [none]
[debug] [2024-04-15T15:26:50.173Z] <<< [apiv2][status] GET https://firebase.googleapis.com/v1beta1/projects/med-tracker-13568 200
[debug] [2024-04-15T15:26:50.173Z] <<< [apiv2][body] GET https://firebase.googleapis.com/v1beta1/projects/med-tracker-13568 {"projectId":"med-tracker-13568","projectNumber":"497399430338","displayName":"med-tracker","name":"projects/med-tracker-13568","resources":{"hostingSite":"med-tracker-13568"},"state":"ACTIVE","etag":"1_c17b8f46-b83f-476c-bbed-3f57e2c04daf"}
[info] 
[info] Your public directory is the folder (relative to your project directory) that
[info] will contain Hosting assets to be uploaded with firebase deploy. If you
[info] have a build process for your assets, use your build's output directory.
[info] 
[debug] [2024-04-15T19:53:36.614Z] >>> [apiv2][query] GET https://www.gstatic.com/firebasejs/releases.json [none]
[debug] [2024-04-15T19:53:36.877Z] <<< [apiv2][status] GET https://www.gstatic.com/firebasejs/releases.json 200
[debug] [2024-04-15T19:53:36.878Z] <<< [apiv2][body] GET https://www.gstatic.com/firebasejs/releases.json {"current":{"version":"10.11.0","browserURL":"https://www.gstatic.com/firebasejs/10.11.0/firebase.js","packageURL":"https://www.gstatic.com/firebasejs/10.11.0/firebase.tgz"},"live":{"version":"10.11","browserURL":"https://www.gstatic.com/firebasejs/live/10.11/firebase.js","packageURL":"https://www.gstatic.com/firebasejs/live/10.11/firebase.tgz"},"components":{"analytics":"https://www.gstatic.com/firebasejs/10.11.0/firebase-analytics.js","app":"https://www.gstatic.com/firebasejs/10.11.0/firebase-app.js","app-check":"https://www.gstatic.com/firebasejs/10.11.0/firebase-app-check.js","auth":"https://www.gstatic.com/firebasejs/10.11.0/firebase-auth.js","auth/cordova":"https://www.gstatic.com/firebasejs/10.11.0/firebase-auth/cordova.js","auth/web-extension":"https://www.gstatic.com/firebasejs/10.11.0/firebase-auth/web-extension.js","functions":"https://www.gstatic.com/firebasejs/10.11.0/firebase-functions.js","firestore":"https://www.gstatic.com/firebasejs/10.11.0/firebase-firestore.js","firestore/lite":"https://www.gstatic.com/firebasejs/10.11.0/firebase-firestore/lite.js","installations":"https://www.gstatic.com/firebasejs/10.11.0/firebase-installations.js","storage":"https://www.gstatic.com/firebasejs/10.11.0/firebase-storage.js","performance":"https://www.gstatic.com/firebasejs/10.11.0/firebase-performance.js","remote-config":"https://www.gstatic.com/firebasejs/10.11.0/firebase-remote-config.js","messaging":"https://www.gstatic.com/firebasejs/10.11.0/firebase-messaging.js","messaging/sw":"https://www.gstatic.com/firebasejs/10.11.0/firebase-messaging/sw.js","database":"https://www.gstatic.com/firebasejs/10.11.0/firebase-database.js","firestore.memory":"https://www.gstatic.com/firebasejs/10.11.0/firebase-firestore.memory.js"}}
